<?xml version="1.0" encoding="UTF-8"?>
<coverage generated="1675858529458" clover="3.2.0">
  <project timestamp="1675858529458" name="All files">
    <metrics statements="63" coveredstatements="24" conditionals="44" coveredconditionals="20" methods="7" coveredmethods="4" elements="114" coveredelements="48" complexity="0" loc="63" ncloc="63" packages="1" files="1" classes="1"/>
    <file name="validate.js" path="/home/vitornunes/projetos/madeiramadeira/sre/github-actions/atu/action-generate-gmud-sre/src/services/validate.js">
      <metrics statements="63" coveredstatements="24" conditionals="44" coveredconditionals="20" methods="7" coveredmethods="4"/>
      <line num="6" count="3" type="stmt"/>
      <line num="10" count="0" type="stmt"/>
      <line num="11" count="0" type="stmt"/>
      <line num="15" count="0" type="stmt"/>
      <line num="16" count="0" type="stmt"/>
      <line num="20" count="1" type="cond" truecount="1" falsecount="1"/>
      <line num="21" count="0" type="stmt"/>
      <line num="23" count="1" type="cond" truecount="1" falsecount="1"/>
      <line num="24" count="0" type="stmt"/>
      <line num="26" count="1" type="cond" truecount="1" falsecount="1"/>
      <line num="27" count="0" type="stmt"/>
      <line num="29" count="1" type="cond" truecount="1" falsecount="1"/>
      <line num="30" count="0" type="stmt"/>
      <line num="32" count="1" type="stmt"/>
      <line num="36" count="0" type="cond" truecount="0" falsecount="2"/>
      <line num="37" count="0" type="stmt"/>
      <line num="40" count="0" type="stmt"/>
      <line num="42" count="0" type="cond" truecount="0" falsecount="2"/>
      <line num="43" count="0" type="stmt"/>
      <line num="44" count="0" type="stmt"/>
      <line num="51" count="1" type="cond" truecount="1" falsecount="1"/>
      <line num="52" count="0" type="stmt"/>
      <line num="54" count="1" type="cond" truecount="1" falsecount="1"/>
      <line num="55" count="0" type="stmt"/>
      <line num="57" count="1" type="cond" truecount="1" falsecount="1"/>
      <line num="58" count="0" type="stmt"/>
      <line num="60" count="1" type="cond" truecount="1" falsecount="1"/>
      <line num="61" count="0" type="stmt"/>
      <line num="63" count="1" type="cond" truecount="1" falsecount="1"/>
      <line num="64" count="0" type="stmt"/>
      <line num="66" count="1" type="cond" truecount="1" falsecount="1"/>
      <line num="67" count="0" type="stmt"/>
      <line num="69" count="1" type="cond" truecount="1" falsecount="1"/>
      <line num="70" count="0" type="stmt"/>
      <line num="72" count="1" type="stmt"/>
      <line num="76" count="1" type="cond" truecount="1" falsecount="1"/>
      <line num="77" count="0" type="stmt"/>
      <line num="78" count="0" type="stmt"/>
      <line num="81" count="1" type="cond" truecount="1" falsecount="1"/>
      <line num="82" count="0" type="stmt"/>
      <line num="83" count="0" type="stmt"/>
      <line num="86" count="1" type="cond" truecount="1" falsecount="1"/>
      <line num="87" count="0" type="stmt"/>
      <line num="88" count="0" type="stmt"/>
      <line num="91" count="1" type="cond" truecount="1" falsecount="1"/>
      <line num="92" count="0" type="stmt"/>
      <line num="93" count="0" type="stmt"/>
      <line num="96" count="1" type="cond" truecount="1" falsecount="1"/>
      <line num="97" count="0" type="stmt"/>
      <line num="98" count="0" type="stmt"/>
      <line num="101" count="1" type="cond" truecount="1" falsecount="1"/>
      <line num="102" count="0" type="stmt"/>
      <line num="103" count="0" type="stmt"/>
      <line num="106" count="1" type="cond" truecount="1" falsecount="1"/>
      <line num="107" count="0" type="stmt"/>
      <line num="108" count="0" type="stmt"/>
      <line num="111" count="1" type="cond" truecount="1" falsecount="1"/>
      <line num="112" count="0" type="stmt"/>
      <line num="113" count="0" type="stmt"/>
      <line num="116" count="1" type="cond" truecount="1" falsecount="1"/>
      <line num="117" count="0" type="stmt"/>
      <line num="118" count="0" type="stmt"/>
      <line num="121" count="1" type="stmt"/>
    </file>
  </project>
</coverage>
