{"/home/vitornunes/projetos/madeiramadeira/sre/github-actions/atu/action-generate-gmud-sre/src/services/validate.js": {"path":"/home/vitornunes/projetos/madeiramadeira/sre/github-actions/atu/action-generate-gmud-sre/src/services/validate.js","statementMap":{"0":{"start":{"line":6,"column":8},"end":{"line":6,"column":28}},"1":{"start":{"line":10,"column":24},"end":{"line":10,"column":53}},"2":{"start":{"line":11,"column":8},"end":{"line":11,"column":38}},"3":{"start":{"line":15,"column":23},"end":{"line":15,"column":40}},"4":{"start":{"line":16,"column":8},"end":{"line":16,"column":37}},"5":{"start":{"line":20,"column":8},"end":{"line":21,"column":24}},"6":{"start":{"line":21,"column":12},"end":{"line":21,"column":24}},"7":{"start":{"line":23,"column":8},"end":{"line":24,"column":24}},"8":{"start":{"line":24,"column":12},"end":{"line":24,"column":24}},"9":{"start":{"line":26,"column":8},"end":{"line":27,"column":24}},"10":{"start":{"line":27,"column":12},"end":{"line":27,"column":24}},"11":{"start":{"line":29,"column":8},"end":{"line":30,"column":24}},"12":{"start":{"line":30,"column":12},"end":{"line":30,"column":24}},"13":{"start":{"line":32,"column":8},"end":{"line":32,"column":19}},"14":{"start":{"line":36,"column":8},"end":{"line":38,"column":9}},"15":{"start":{"line":37,"column":12},"end":{"line":37,"column":24}},"16":{"start":{"line":40,"column":28},"end":{"line":40,"column":68}},"17":{"start":{"line":42,"column":8},"end":{"line":45,"column":9}},"18":{"start":{"line":43,"column":12},"end":{"line":43,"column":94}},"19":{"start":{"line":44,"column":12},"end":{"line":44,"column":23}},"20":{"start":{"line":51,"column":8},"end":{"line":52,"column":24}},"21":{"start":{"line":52,"column":12},"end":{"line":52,"column":24}},"22":{"start":{"line":54,"column":8},"end":{"line":55,"column":24}},"23":{"start":{"line":55,"column":12},"end":{"line":55,"column":24}},"24":{"start":{"line":57,"column":8},"end":{"line":58,"column":24}},"25":{"start":{"line":58,"column":12},"end":{"line":58,"column":24}},"26":{"start":{"line":60,"column":8},"end":{"line":61,"column":24}},"27":{"start":{"line":61,"column":12},"end":{"line":61,"column":24}},"28":{"start":{"line":63,"column":8},"end":{"line":64,"column":24}},"29":{"start":{"line":64,"column":12},"end":{"line":64,"column":24}},"30":{"start":{"line":66,"column":8},"end":{"line":67,"column":24}},"31":{"start":{"line":67,"column":12},"end":{"line":67,"column":24}},"32":{"start":{"line":69,"column":8},"end":{"line":70,"column":24}},"33":{"start":{"line":70,"column":12},"end":{"line":70,"column":24}},"34":{"start":{"line":72,"column":8},"end":{"line":72,"column":19}},"35":{"start":{"line":76,"column":8},"end":{"line":79,"column":9}},"36":{"start":{"line":77,"column":12},"end":{"line":77,"column":68}},"37":{"start":{"line":78,"column":12},"end":{"line":78,"column":24}},"38":{"start":{"line":81,"column":8},"end":{"line":84,"column":9}},"39":{"start":{"line":82,"column":12},"end":{"line":82,"column":68}},"40":{"start":{"line":83,"column":12},"end":{"line":83,"column":24}},"41":{"start":{"line":86,"column":8},"end":{"line":89,"column":9}},"42":{"start":{"line":87,"column":12},"end":{"line":87,"column":71}},"43":{"start":{"line":88,"column":12},"end":{"line":88,"column":24}},"44":{"start":{"line":91,"column":8},"end":{"line":94,"column":9}},"45":{"start":{"line":92,"column":12},"end":{"line":92,"column":66}},"46":{"start":{"line":93,"column":12},"end":{"line":93,"column":24}},"47":{"start":{"line":96,"column":8},"end":{"line":99,"column":9}},"48":{"start":{"line":97,"column":12},"end":{"line":97,"column":65}},"49":{"start":{"line":98,"column":12},"end":{"line":98,"column":24}},"50":{"start":{"line":101,"column":8},"end":{"line":104,"column":9}},"51":{"start":{"line":102,"column":12},"end":{"line":102,"column":66}},"52":{"start":{"line":103,"column":12},"end":{"line":103,"column":24}},"53":{"start":{"line":106,"column":8},"end":{"line":109,"column":9}},"54":{"start":{"line":107,"column":12},"end":{"line":107,"column":65}},"55":{"start":{"line":108,"column":12},"end":{"line":108,"column":24}},"56":{"start":{"line":111,"column":8},"end":{"line":114,"column":9}},"57":{"start":{"line":112,"column":12},"end":{"line":112,"column":65}},"58":{"start":{"line":113,"column":12},"end":{"line":113,"column":24}},"59":{"start":{"line":116,"column":8},"end":{"line":119,"column":9}},"60":{"start":{"line":117,"column":12},"end":{"line":117,"column":66}},"61":{"start":{"line":118,"column":12},"end":{"line":118,"column":24}},"62":{"start":{"line":121,"column":8},"end":{"line":121,"column":19}}},"fnMap":{"0":{"name":"(anonymous_0)","decl":{"start":{"line":5,"column":4},"end":{"line":5,"column":5}},"loc":{"start":{"line":5,"column":23},"end":{"line":7,"column":5}},"line":5},"1":{"name":"(anonymous_1)","decl":{"start":{"line":9,"column":4},"end":{"line":9,"column":5}},"loc":{"start":{"line":9,"column":25},"end":{"line":12,"column":5}},"line":9},"2":{"name":"(anonymous_2)","decl":{"start":{"line":14,"column":4},"end":{"line":14,"column":5}},"loc":{"start":{"line":14,"column":22},"end":{"line":17,"column":5}},"line":14},"3":{"name":"(anonymous_3)","decl":{"start":{"line":19,"column":4},"end":{"line":19,"column":5}},"loc":{"start":{"line":19,"column":31},"end":{"line":33,"column":5}},"line":19},"4":{"name":"(anonymous_4)","decl":{"start":{"line":35,"column":4},"end":{"line":35,"column":5}},"loc":{"start":{"line":35,"column":11},"end":{"line":47,"column":5}},"line":35},"5":{"name":"(anonymous_5)","decl":{"start":{"line":49,"column":4},"end":{"line":49,"column":5}},"loc":{"start":{"line":49,"column":40},"end":{"line":73,"column":5}},"line":49},"6":{"name":"(anonymous_6)","decl":{"start":{"line":75,"column":4},"end":{"line":75,"column":5}},"loc":{"start":{"line":75,"column":25},"end":{"line":122,"column":5}},"line":75}},"branchMap":{"0":{"loc":{"start":{"line":20,"column":8},"end":{"line":21,"column":24}},"type":"if","locations":[{"start":{"line":20,"column":8},"end":{"line":21,"column":24}},{"start":{},"end":{}}],"line":20},"1":{"loc":{"start":{"line":23,"column":8},"end":{"line":24,"column":24}},"type":"if","locations":[{"start":{"line":23,"column":8},"end":{"line":24,"column":24}},{"start":{},"end":{}}],"line":23},"2":{"loc":{"start":{"line":26,"column":8},"end":{"line":27,"column":24}},"type":"if","locations":[{"start":{"line":26,"column":8},"end":{"line":27,"column":24}},{"start":{},"end":{}}],"line":26},"3":{"loc":{"start":{"line":29,"column":8},"end":{"line":30,"column":24}},"type":"if","locations":[{"start":{"line":29,"column":8},"end":{"line":30,"column":24}},{"start":{},"end":{}}],"line":29},"4":{"loc":{"start":{"line":36,"column":8},"end":{"line":38,"column":9}},"type":"if","locations":[{"start":{"line":36,"column":8},"end":{"line":38,"column":9}},{"start":{},"end":{}}],"line":36},"5":{"loc":{"start":{"line":42,"column":8},"end":{"line":45,"column":9}},"type":"if","locations":[{"start":{"line":42,"column":8},"end":{"line":45,"column":9}},{"start":{},"end":{}}],"line":42},"6":{"loc":{"start":{"line":51,"column":8},"end":{"line":52,"column":24}},"type":"if","locations":[{"start":{"line":51,"column":8},"end":{"line":52,"column":24}},{"start":{},"end":{}}],"line":51},"7":{"loc":{"start":{"line":54,"column":8},"end":{"line":55,"column":24}},"type":"if","locations":[{"start":{"line":54,"column":8},"end":{"line":55,"column":24}},{"start":{},"end":{}}],"line":54},"8":{"loc":{"start":{"line":57,"column":8},"end":{"line":58,"column":24}},"type":"if","locations":[{"start":{"line":57,"column":8},"end":{"line":58,"column":24}},{"start":{},"end":{}}],"line":57},"9":{"loc":{"start":{"line":60,"column":8},"end":{"line":61,"column":24}},"type":"if","locations":[{"start":{"line":60,"column":8},"end":{"line":61,"column":24}},{"start":{},"end":{}}],"line":60},"10":{"loc":{"start":{"line":63,"column":8},"end":{"line":64,"column":24}},"type":"if","locations":[{"start":{"line":63,"column":8},"end":{"line":64,"column":24}},{"start":{},"end":{}}],"line":63},"11":{"loc":{"start":{"line":66,"column":8},"end":{"line":67,"column":24}},"type":"if","locations":[{"start":{"line":66,"column":8},"end":{"line":67,"column":24}},{"start":{},"end":{}}],"line":66},"12":{"loc":{"start":{"line":69,"column":8},"end":{"line":70,"column":24}},"type":"if","locations":[{"start":{"line":69,"column":8},"end":{"line":70,"column":24}},{"start":{},"end":{}}],"line":69},"13":{"loc":{"start":{"line":76,"column":8},"end":{"line":79,"column":9}},"type":"if","locations":[{"start":{"line":76,"column":8},"end":{"line":79,"column":9}},{"start":{},"end":{}}],"line":76},"14":{"loc":{"start":{"line":81,"column":8},"end":{"line":84,"column":9}},"type":"if","locations":[{"start":{"line":81,"column":8},"end":{"line":84,"column":9}},{"start":{},"end":{}}],"line":81},"15":{"loc":{"start":{"line":86,"column":8},"end":{"line":89,"column":9}},"type":"if","locations":[{"start":{"line":86,"column":8},"end":{"line":89,"column":9}},{"start":{},"end":{}}],"line":86},"16":{"loc":{"start":{"line":91,"column":8},"end":{"line":94,"column":9}},"type":"if","locations":[{"start":{"line":91,"column":8},"end":{"line":94,"column":9}},{"start":{},"end":{}}],"line":91},"17":{"loc":{"start":{"line":96,"column":8},"end":{"line":99,"column":9}},"type":"if","locations":[{"start":{"line":96,"column":8},"end":{"line":99,"column":9}},{"start":{},"end":{}}],"line":96},"18":{"loc":{"start":{"line":101,"column":8},"end":{"line":104,"column":9}},"type":"if","locations":[{"start":{"line":101,"column":8},"end":{"line":104,"column":9}},{"start":{},"end":{}}],"line":101},"19":{"loc":{"start":{"line":106,"column":8},"end":{"line":109,"column":9}},"type":"if","locations":[{"start":{"line":106,"column":8},"end":{"line":109,"column":9}},{"start":{},"end":{}}],"line":106},"20":{"loc":{"start":{"line":111,"column":8},"end":{"line":114,"column":9}},"type":"if","locations":[{"start":{"line":111,"column":8},"end":{"line":114,"column":9}},{"start":{},"end":{}}],"line":111},"21":{"loc":{"start":{"line":116,"column":8},"end":{"line":119,"column":9}},"type":"if","locations":[{"start":{"line":116,"column":8},"end":{"line":119,"column":9}},{"start":{},"end":{}}],"line":116}},"s":{"0":3,"1":0,"2":0,"3":0,"4":0,"5":1,"6":0,"7":1,"8":0,"9":1,"10":0,"11":1,"12":0,"13":1,"14":0,"15":0,"16":0,"17":0,"18":0,"19":0,"20":1,"21":0,"22":1,"23":0,"24":1,"25":0,"26":1,"27":0,"28":1,"29":0,"30":1,"31":0,"32":1,"33":0,"34":1,"35":1,"36":0,"37":0,"38":1,"39":0,"40":0,"41":1,"42":0,"43":0,"44":1,"45":0,"46":0,"47":1,"48":0,"49":0,"50":1,"51":0,"52":0,"53":1,"54":0,"55":0,"56":1,"57":0,"58":0,"59":1,"60":0,"61":0,"62":1},"f":{"0":3,"1":0,"2":0,"3":1,"4":0,"5":1,"6":1},"b":{"0":[0,1],"1":[0,1],"2":[0,1],"3":[0,1],"4":[0,0],"5":[0,0],"6":[0,1],"7":[0,1],"8":[0,1],"9":[0,1],"10":[0,1],"11":[0,1],"12":[0,1],"13":[0,1],"14":[0,1],"15":[0,1],"16":[0,1],"17":[0,1],"18":[0,1],"19":[0,1],"20":[0,1],"21":[0,1]},"inputSourceMap":null,"_coverageSchema":"1a1c01bbd47fc00a2c39e90264f33305004495a9","hash":"cc0c76f919a998644c625ef030333d849551aa38"}
}
