TN:
SF:src/services/validate.js
FN:5,(anonymous_0)
FN:9,(anonymous_1)
FN:14,(anonymous_2)
FN:19,(anonymous_3)
FN:35,(anonymous_4)
FN:49,(anonymous_5)
FN:75,(anonymous_6)
FNF:7
FNH:4
FNDA:3,(anonymous_0)
FNDA:0,(anonymous_1)
FNDA:0,(anonymous_2)
FNDA:1,(anonymous_3)
FNDA:0,(anonymous_4)
FNDA:1,(anonymous_5)
FNDA:1,(anonymous_6)
DA:6,3
DA:10,0
DA:11,0
DA:15,0
DA:16,0
DA:20,1
DA:21,0
DA:23,1
DA:24,0
DA:26,1
DA:27,0
DA:29,1
DA:30,0
DA:32,1
DA:36,0
DA:37,0
DA:40,0
DA:42,0
DA:43,0
DA:44,0
DA:51,1
DA:52,0
DA:54,1
DA:55,0
DA:57,1
DA:58,0
DA:60,1
DA:61,0
DA:63,1
DA:64,0
DA:66,1
DA:67,0
DA:69,1
DA:70,0
DA:72,1
DA:76,1
DA:77,0
DA:78,0
DA:81,1
DA:82,0
DA:83,0
DA:86,1
DA:87,0
DA:88,0
DA:91,1
DA:92,0
DA:93,0
DA:96,1
DA:97,0
DA:98,0
DA:101,1
DA:102,0
DA:103,0
DA:106,1
DA:107,0
DA:108,0
DA:111,1
DA:112,0
DA:113,0
DA:116,1
DA:117,0
DA:118,0
DA:121,1
LF:63
LH:24
BRDA:20,0,0,0
BRDA:20,0,1,1
BRDA:23,1,0,0
BRDA:23,1,1,1
BRDA:26,2,0,0
BRDA:26,2,1,1
BRDA:29,3,0,0
BRDA:29,3,1,1
BRDA:36,4,0,0
BRDA:36,4,1,0
BRDA:42,5,0,0
BRDA:42,5,1,0
BRDA:51,6,0,0
BRDA:51,6,1,1
BRDA:54,7,0,0
BRDA:54,7,1,1
BRDA:57,8,0,0
BRDA:57,8,1,1
BRDA:60,9,0,0
BRDA:60,9,1,1
BRDA:63,10,0,0
BRDA:63,10,1,1
BRDA:66,11,0,0
BRDA:66,11,1,1
BRDA:69,12,0,0
BRDA:69,12,1,1
BRDA:76,13,0,0
BRDA:76,13,1,1
BRDA:81,14,0,0
BRDA:81,14,1,1
BRDA:86,15,0,0
BRDA:86,15,1,1
BRDA:91,16,0,0
BRDA:91,16,1,1
BRDA:96,17,0,0
BRDA:96,17,1,1
BRDA:101,18,0,0
BRDA:101,18,1,1
BRDA:106,19,0,0
BRDA:106,19,1,1
BRDA:111,20,0,0
BRDA:111,20,1,1
BRDA:116,21,0,0
BRDA:116,21,1,1
BRF:44
BRH:20
end_of_record
